Build started 12/4/2018 7:50:36 PM.
     1>Project "D:\DS\QUEUE\queus\queus.vcxproj" on node 2 (build target(s)).
     1>InitializeBuildStatus:
         Touching "Debug\queus.unsuccessfulbuild".
       ClCompile:
         C:\Program Files (x86)\Microsoft Visual Studio 10.0\VC\bin\CL.exe /c /ZI /nologo /W3 /WX- /Od /Oy- /D WIN32 /D _DEBUG /D _CONSOLE /D _UNICODE /D UNICODE /Gm /EHsc /RTC1 /MDd /GS /fp:precise /Zc:wchar_t /Zc:forScope /Fo"Debug\\" /Fd"Debug\vc100.pdb" /Gd /TP /analyze- /errorReport:prompt main.cpp
         main.cpp
       ManifestResourceCompile:
         C:\Program Files (x86)\Microsoft SDKs\Windows\v7.0A\bin\rc.exe /nologo /fo"Debug\queus.exe.embed.manifest.res" Debug\queus_manifest.rc 
       Link:
         C:\Program Files (x86)\Microsoft Visual Studio 10.0\VC\bin\link.exe /ERRORREPORT:PROMPT /OUT:"D:\DS\QUEUE\Debug\queus.exe" /INCREMENTAL /NOLOGO kernel32.lib user32.lib gdi32.lib winspool.lib comdlg32.lib advapi32.lib shell32.lib ole32.lib oleaut32.lib uuid.lib odbc32.lib odbccp32.lib /MANIFEST /ManifestFile:"Debug\queus.exe.intermediate.manifest" /MANIFESTUAC:"level='asInvoker' uiAccess='false'" /DEBUG /PDB:"D:\DS\QUEUE\Debug\queus.pdb" /SUBSYSTEM:CONSOLE /TLBID:1 /DYNAMICBASE /NXCOMPAT /IMPLIB:"D:\DS\QUEUE\Debug\queus.lib" /MACHINE:X86 Debug\queus.exe.embed.manifest.res
         Debug\main.obj
         Debug\Queues.obj
       Manifest:
         C:\Program Files (x86)\Microsoft SDKs\Windows\v7.0A\bin\mt.exe /nologo /verbose /out:"Debug\queus.exe.embed.manifest" /manifest Debug\queus.exe.intermediate.manifest
         All outputs are up-to-date.
       LinkEmbedManifest:
         All outputs are up-to-date.
         queus.vcxproj -> D:\DS\QUEUE\Debug\queus.exe
       FinalizeBuildStatus:
         Deleting file "Debug\queus.unsuccessfulbuild".
         Touching "Debug\queus.lastbuildstate".
     1>Done Building Project "D:\DS\QUEUE\queus\queus.vcxproj" (build target(s)).

Build succeeded.

Time Elapsed 00:00:04.00
